生成启动时间为 2017/10/31 星期二 0:14:11。
     1>项目“F:\vs2010_projects\OpencvSvm\OpencvSvm\OpencvSvm.vcxproj”在节点 2 上(build 个目标)。
     1>InitializeBuildStatus:
         正在创建“x64\Debug\OpencvSvm.unsuccessfulbuild”，因为已指定“AlwaysCreate”。
       ClCompile:
         d:\vs2010\VC\bin\x86_amd64\CL.exe /c /Zi /nologo /W3 /WX- /Od /D _MBCS /Gm /EHsc /RTC1 /MDd /GS /fp:precise /Zc:wchar_t /Zc:forScope /Fo"x64\Debug\\" /Fd"x64\Debug\vc100.pdb" /Gd /TP /errorReport:prompt OpencvSvmV1024.cpp
         OpencvSvmV1024.cpp
     1>OpencvSvmV1024.cpp(70): warning C4244: “初始化”: 从“int”转换到“float”，可能丢失数据
     1>OpencvSvmV1024.cpp(83): warning C4244: “=”: 从“float”转换到“uchar”，可能丢失数据
     1>OpencvSvmV1024.cpp(254): warning C4267: “参数”: 从“size_t”转换到“int”，可能丢失数据
     1>OpencvSvmV1024.cpp(258): warning C4267: “参数”: 从“size_t”转换到“int”，可能丢失数据
     1>OpencvSvmV1024.cpp(312): warning C4267: “参数”: 从“size_t”转换到“int”，可能丢失数据
     1>OpencvSvmV1024.cpp(319): warning C4244: “初始化”: 从“float”转换到“int”，可能丢失数据
     1>OpencvSvmV1024.cpp(338): warning C4267: “初始化”: 从“size_t”转换到“int”，可能丢失数据
       Link:
         d:\vs2010\VC\bin\x86_amd64\link.exe /ERRORREPORT:PROMPT /OUT:"F:\vs2010_projects\OpencvSvm\x64\Debug\OpencvSvm.exe" /NOLOGO opencv_calib3d249d.lib opencv_contrib249d.lib opencv_core249d.lib opencv_features2d249d.lib opencv_flann249d.lib opencv_gpu249d.lib opencv_highgui249d.lib opencv_imgproc249d.lib opencv_legacy249d.lib opencv_ml249d.lib opencv_nonfree249d.lib opencv_objdetect249d.lib opencv_photo249d.lib opencv_stitching249d.lib opencv_ts249d.lib opencv_video249d.lib opencv_videostab249d.lib kernel32.lib user32.lib gdi32.lib winspool.lib comdlg32.lib advapi32.lib shell32.lib ole32.lib oleaut32.lib uuid.lib odbc32.lib odbccp32.lib /MANIFEST /ManifestFile:"x64\Debug\OpencvSvm.exe.intermediate.manifest" /MANIFESTUAC:"level='asInvoker' uiAccess='false'" /DEBUG /PDB:"F:\vs2010_projects\OpencvSvm\x64\Debug\OpencvSvm.pdb" /TLBID:1 /DYNAMICBASE /NXCOMPAT /IMPLIB:"F:\vs2010_projects\OpencvSvm\x64\Debug\OpencvSvm.lib" /MACHINE:X64 x64\Debug\OpencvSvmV1024.obj
         LINK : 没有找到 F:\vs2010_projects\OpencvSvm\x64\Debug\OpencvSvm.exe 或上一个增量链接没有生成它；正在执行完全链接
         OpencvSvm.vcxproj -> F:\vs2010_projects\OpencvSvm\x64\Debug\OpencvSvm.exe
       Manifest:
         C:\Program Files (x86)\Microsoft SDKs\Windows\v7.0A\bin\mt.exe /nologo /verbose /outputresource:"F:\vs2010_projects\OpencvSvm\x64\Debug\OpencvSvm.exe;#1" /manifest x64\Debug\OpencvSvm.exe.intermediate.manifest
       FinalizeBuildStatus:
         正在删除文件“x64\Debug\OpencvSvm.unsuccessfulbuild”。
         正在对“x64\Debug\OpencvSvm.lastbuildstate”执行 Touch 任务。
     1>已完成生成项目“F:\vs2010_projects\OpencvSvm\OpencvSvm\OpencvSvm.vcxproj”(build 个目标)的操作。

生成成功。

已用时间 00:00:04.63
